<?xml version="1.0" encoding="UTF-8"?>
<testsuite xmlns:xsi="http://www.w3.org/2001/XMLSchema-instance" xsi:noNamespaceSchemaLocation="https://maven.apache.org/surefire/maven-surefire-plugin/xsd/surefire-test-report-3.0.xsd" version="3.0" name="com.AccountTest" time="9.609" tests="3" errors="0" skipped="0" failures="0">
  <properties>
    <property name="sun.desktop" value="gnome"/>
    <property name="awt.toolkit" value="sun.awt.X11.XToolkit"/>
    <property name="java.specification.version" value="11"/>
    <property name="webdriver.chrome.driver" value="/home/egorshalaev/.cache/selenium/chromedriver/linux64/97.0.4692.71/chromedriver"/>
    <property name="sun.cpu.isalist" value=""/>
    <property name="sun.jnu.encoding" value="UTF-8"/>
    <property name="java.class.path" value="/home/egorshalaev/idea-projects/Diplom/QA-java-diplom-3/target/test-classes:/home/egorshalaev/idea-projects/Diplom/QA-java-diplom-3/target/classes:/home/egorshalaev/.m2/repository/org/apache/maven/plugins/maven-project-info-reports-plugin/3.1.2/maven-project-info-reports-plugin-3.1.2.jar:/home/egorshalaev/.m2/repository/org/apache/maven/reporting/maven-reporting-api/3.0/maven-reporting-api-3.0.jar:/home/egorshalaev/.m2/repository/org/apache/maven/reporting/maven-reporting-impl/3.0.0/maven-reporting-impl-3.0.0.jar:/home/egorshalaev/.m2/repository/org/apache/maven/maven-artifact/3.0/maven-artifact-3.0.jar:/home/egorshalaev/.m2/repository/org/apache/maven/maven-core/3.0/maven-core-3.0.jar:/home/egorshalaev/.m2/repository/org/apache/maven/maven-settings-builder/3.0/maven-settings-builder-3.0.jar:/home/egorshalaev/.m2/repository/org/apache/maven/maven-model-builder/3.0/maven-model-builder-3.0.jar:/home/egorshalaev/.m2/repository/org/apache/maven/maven-aether-provider/3.0/maven-aether-provider-3.0.jar:/home/egorshalaev/.m2/repository/org/sonatype/aether/aether-impl/1.7/aether-impl-1.7.jar:/home/egorshalaev/.m2/repository/org/sonatype/aether/aether-spi/1.7/aether-spi-1.7.jar:/home/egorshalaev/.m2/repository/org/sonatype/aether/aether-api/1.7/aether-api-1.7.jar:/home/egorshalaev/.m2/repository/org/sonatype/aether/aether-util/1.7/aether-util-1.7.jar:/home/egorshalaev/.m2/repository/org/sonatype/sisu/sisu-inject-plexus/1.4.2/sisu-inject-plexus-1.4.2.jar:/home/egorshalaev/.m2/repository/org/sonatype/sisu/sisu-inject-bean/1.4.2/sisu-inject-bean-1.4.2.jar:/home/egorshalaev/.m2/repository/org/sonatype/sisu/sisu-guice/2.1.7/sisu-guice-2.1.7-noaop.jar:/home/egorshalaev/.m2/repository/org/codehaus/plexus/plexus-classworlds/2.2.3/plexus-classworlds-2.2.3.jar:/home/egorshalaev/.m2/repository/org/codehaus/plexus/plexus-component-annotations/1.5.5/plexus-component-annotations-1.5.5.jar:/home/egorshalaev/.m2/repository/org/sonatype/plexus/plexus-sec-dispatcher/1.3/plexus-sec-dispatcher-1.3.jar:/home/egorshalaev/.m2/repository/org/sonatype/plexus/plexus-cipher/1.4/plexus-cipher-1.4.jar:/home/egorshalaev/.m2/repository/org/apache/maven/maven-model/3.0/maven-model-3.0.jar:/home/egorshalaev/.m2/repository/org/apache/maven/maven-plugin-api/3.0/maven-plugin-api-3.0.jar:/home/egorshalaev/.m2/repository/org/apache/maven/maven-repository-metadata/3.0/maven-repository-metadata-3.0.jar:/home/egorshalaev/.m2/repository/org/apache/maven/maven-settings/3.0/maven-settings-3.0.jar:/home/egorshalaev/.m2/repository/org/apache/maven/shared/maven-dependency-tree/2.2/maven-dependency-tree-2.2.jar:/home/egorshalaev/.m2/repository/org/eclipse/aether/aether-util/0.9.0.M2/aether-util-0.9.0.M2.jar:/home/egorshalaev/.m2/repository/org/apache/maven/shared/maven-shared-utils/3.3.3/maven-shared-utils-3.3.3.jar:/home/egorshalaev/.m2/repository/org/apache/maven/shared/maven-shared-jar/1.2/maven-shared-jar-1.2.jar:/home/egorshalaev/.m2/repository/org/codehaus/plexus/plexus-digest/1.0/plexus-digest-1.0.jar:/home/egorshalaev/.m2/repository/org/codehaus/plexus/plexus-container-default/1.0-alpha-8/plexus-container-default-1.0-alpha-8.jar:/home/egorshalaev/.m2/repository/classworlds/classworlds/1.1-alpha-2/classworlds-1.1-alpha-2.jar:/home/egorshalaev/.m2/repository/commons-collections/commons-collections/3.1/commons-collections-3.1.jar:/home/egorshalaev/.m2/repository/org/apache/bcel/bcel/6.2/bcel-6.2.jar:/home/egorshalaev/.m2/repository/org/apache/maven/shared/maven-common-artifact-filters/3.1.0/maven-common-artifact-filters-3.1.0.jar:/home/egorshalaev/.m2/repository/org/apache/maven/shared/maven-artifact-transfer/0.12.0/maven-artifact-transfer-0.12.0.jar:/home/egorshalaev/.m2/repository/commons-codec/commons-codec/1.11/commons-codec-1.11.jar:/home/egorshalaev/.m2/repository/org/apache/maven/scm/maven-scm-api/1.10.0/maven-scm-api-1.10.0.jar:/home/egorshalaev/.m2/repository/org/apache/maven/scm/maven-scm-manager-plexus/1.10.0/maven-scm-manager-plexus-1.10.0.jar:/home/egorshalaev/.m2/repository/org/apache/maven/scm/maven-scm-provider-hg/1.10.0/maven-scm-provider-hg-1.10.0.jar:/home/egorshalaev/.m2/repository/org/apache/maven/scm/maven-scm-provider-perforce/1.10.0/maven-scm-provider-perforce-1.10.0.jar:/home/egorshalaev/.m2/repository/org/apache/maven/scm/maven-scm-provider-starteam/1.10.0/maven-scm-provider-starteam-1.10.0.jar:/home/egorshalaev/.m2/repository/org/apache/maven/scm/maven-scm-provider-svn-commons/1.10.0/maven-scm-provider-svn-commons-1.10.0.jar:/home/egorshalaev/.m2/repository/org/apache/maven/scm/maven-scm-provider-svnexe/1.10.0/maven-scm-provider-svnexe-1.10.0.jar:/home/egorshalaev/.m2/repository/commons-lang/commons-lang/2.6/commons-lang-2.6.jar:/home/egorshalaev/.m2/repository/org/apache/maven/scm/maven-scm-provider-cvs-commons/1.10.0/maven-scm-provider-cvs-commons-1.10.0.jar:/home/egorshalaev/.m2/repository/org/apache/maven/scm/maven-scm-provider-cvsexe/1.10.0/maven-scm-provider-cvsexe-1.10.0.jar:/home/egorshalaev/.m2/repository/org/apache/maven/scm/maven-scm-provider-cvsjava/1.10.0/maven-scm-provider-cvsjava-1.10.0.jar:/home/egorshalaev/.m2/repository/org/netbeans/lib/cvsclient/20060125/cvsclient-20060125.jar:/home/egorshalaev/.m2/repository/ch/ethz/ganymed/ganymed-ssh2/build210/ganymed-ssh2-build210.jar:/home/egorshalaev/.m2/repository/org/apache/maven/scm/maven-scm-provider-git-commons/1.10.0/maven-scm-provider-git-commons-1.10.0.jar:/home/egorshalaev/.m2/repository/org/apache/maven/scm/maven-scm-provider-gitexe/1.10.0/maven-scm-provider-gitexe-1.10.0.jar:/home/egorshalaev/.m2/repository/org/apache/maven/doxia/doxia-sink-api/1.9.1/doxia-sink-api-1.9.1.jar:/home/egorshalaev/.m2/repository/org/apache/maven/doxia/doxia-logging-api/1.9.1/doxia-logging-api-1.9.1.jar:/home/egorshalaev/.m2/repository/org/apache/maven/doxia/doxia-core/1.9.1/doxia-core-1.9.1.jar:/home/egorshalaev/.m2/repository/org/apache/httpcomponents/httpcore/4.4.11/httpcore-4.4.11.jar:/home/egorshalaev/.m2/repository/org/apache/maven/doxia/doxia-decoration-model/1.9.2/doxia-decoration-model-1.9.2.jar:/home/egorshalaev/.m2/repository/org/apache/maven/doxia/doxia-site-renderer/1.9.2/doxia-site-renderer-1.9.2.jar:/home/egorshalaev/.m2/repository/org/apache/maven/doxia/doxia-skin-model/1.9.2/doxia-skin-model-1.9.2.jar:/home/egorshalaev/.m2/repository/org/apache/maven/doxia/doxia-module-xhtml/1.9.1/doxia-module-xhtml-1.9.1.jar:/home/egorshalaev/.m2/repository/org/apache/maven/doxia/doxia-module-xhtml5/1.9.1/doxia-module-xhtml5-1.9.1.jar:/home/egorshalaev/.m2/repository/org/codehaus/plexus/plexus-velocity/1.2/plexus-velocity-1.2.jar:/home/egorshalaev/.m2/repository/org/apache/velocity/velocity/1.7/velocity-1.7.jar:/home/egorshalaev/.m2/repository/org/apache/velocity/velocity-tools/2.0/velocity-tools-2.0.jar:/home/egorshalaev/.m2/repository/commons-chain/commons-chain/1.1/commons-chain-1.1.jar:/home/egorshalaev/.m2/repository/dom4j/dom4j/1.1/dom4j-1.1.jar:/home/egorshalaev/.m2/repository/oro/oro/2.0.8/oro-2.0.8.jar:/home/egorshalaev/.m2/repository/org/apache/maven/doxia/doxia-integration-tools/1.9.2/doxia-integration-tools-1.9.2.jar:/home/egorshalaev/.m2/repository/org/codehaus/plexus/plexus-i18n/1.0-beta-10/plexus-i18n-1.0-beta-10.jar:/home/egorshalaev/.m2/repository/org/codehaus/plexus/plexus-utils/3.3.0/plexus-utils-3.3.0.jar:/home/egorshalaev/.m2/repository/org/codehaus/plexus/plexus-interpolation/1.26/plexus-interpolation-1.26.jar:/home/egorshalaev/.m2/repository/commons-validator/commons-validator/1.7/commons-validator-1.7.jar:/home/egorshalaev/.m2/repository/commons-beanutils/commons-beanutils/1.9.4/commons-beanutils-1.9.4.jar:/home/egorshalaev/.m2/repository/commons-digester/commons-digester/2.1/commons-digester-2.1.jar:/home/egorshalaev/.m2/repository/commons-logging/commons-logging/1.2/commons-logging-1.2.jar:/home/egorshalaev/.m2/repository/commons-io/commons-io/2.6/commons-io-2.6.jar:/home/egorshalaev/.m2/repository/org/junit/jupiter/junit-jupiter-api/5.8.2/junit-jupiter-api-5.8.2.jar:/home/egorshalaev/.m2/repository/org/opentest4j/opentest4j/1.2.0/opentest4j-1.2.0.jar:/home/egorshalaev/.m2/repository/org/junit/platform/junit-platform-commons/1.8.2/junit-platform-commons-1.8.2.jar:/home/egorshalaev/.m2/repository/org/apiguardian/apiguardian-api/1.1.2/apiguardian-api-1.1.2.jar:/home/egorshalaev/.m2/repository/io/github/bonigarcia/webdrivermanager/5.0.2/webdrivermanager-5.0.2.jar:/home/egorshalaev/.m2/repository/org/slf4j/slf4j-api/1.7.32/slf4j-api-1.7.32.jar:/home/egorshalaev/.m2/repository/com/google/code/gson/gson/2.8.8/gson-2.8.8.jar:/home/egorshalaev/.m2/repository/org/jsoup/jsoup/1.14.2/jsoup-1.14.2.jar:/home/egorshalaev/.m2/repository/com/github/docker-java/docker-java/3.2.11/docker-java-3.2.11.jar:/home/egorshalaev/.m2/repository/com/github/docker-java/docker-java-core/3.2.11/docker-java-core-3.2.11.jar:/home/egorshalaev/.m2/repository/com/github/docker-java/docker-java-api/3.2.11/docker-java-api-3.2.11.jar:/home/egorshalaev/.m2/repository/org/bouncycastle/bcpkix-jdk15on/1.64/bcpkix-jdk15on-1.64.jar:/home/egorshalaev/.m2/repository/org/bouncycastle/bcprov-jdk15on/1.64/bcprov-jdk15on-1.64.jar:/home/egorshalaev/.m2/repository/org/slf4j/jcl-over-slf4j/1.7.30/jcl-over-slf4j-1.7.30.jar:/home/egorshalaev/.m2/repository/com/github/docker-java/docker-java-transport-httpclient5/3.2.11/docker-java-transport-httpclient5-3.2.11.jar:/home/egorshalaev/.m2/repository/com/github/docker-java/docker-java-transport/3.2.11/docker-java-transport-3.2.11.jar:/home/egorshalaev/.m2/repository/org/apache/httpcomponents/client5/httpclient5/5.0.3/httpclient5-5.0.3.jar:/home/egorshalaev/.m2/repository/org/apache/httpcomponents/core5/httpcore5/5.0.2/httpcore5-5.0.2.jar:/home/egorshalaev/.m2/repository/net/java/dev/jna/jna/5.8.0/jna-5.8.0.jar:/home/egorshalaev/.m2/repository/com/google/guava/guava/30.1.1-jre/guava-30.1.1-jre.jar:/home/egorshalaev/.m2/repository/com/google/guava/failureaccess/1.0.1/failureaccess-1.0.1.jar:/home/egorshalaev/.m2/repository/com/google/guava/listenablefuture/9999.0-empty-to-avoid-conflict-with-guava/listenablefuture-9999.0-empty-to-avoid-conflict-with-guava.jar:/home/egorshalaev/.m2/repository/com/google/code/findbugs/jsr305/3.0.2/jsr305-3.0.2.jar:/home/egorshalaev/.m2/repository/org/checkerframework/checker-qual/3.8.0/checker-qual-3.8.0.jar:/home/egorshalaev/.m2/repository/com/google/errorprone/error_prone_annotations/2.5.1/error_prone_annotations-2.5.1.jar:/home/egorshalaev/.m2/repository/com/google/j2objc/j2objc-annotations/1.3/j2objc-annotations-1.3.jar:/home/egorshalaev/.m2/repository/org/brotli/dec/0.1.2/dec-0.1.2.jar:/home/egorshalaev/.m2/repository/com/codeborne/selenide/6.2.1/selenide-6.2.1.jar:/home/egorshalaev/.m2/repository/org/seleniumhq/selenium/selenium-java/4.1.1/selenium-java-4.1.1.jar:/home/egorshalaev/.m2/repository/org/seleniumhq/selenium/selenium-chrome-driver/4.1.1/selenium-chrome-driver-4.1.1.jar:/home/egorshalaev/.m2/repository/org/seleniumhq/selenium/selenium-chromium-driver/4.1.1/selenium-chromium-driver-4.1.1.jar:/home/egorshalaev/.m2/repository/org/seleniumhq/selenium/selenium-devtools-v85/4.1.1/selenium-devtools-v85-4.1.1.jar:/home/egorshalaev/.m2/repository/org/seleniumhq/selenium/selenium-devtools-v94/4.1.1/selenium-devtools-v94-4.1.1.jar:/home/egorshalaev/.m2/repository/org/seleniumhq/selenium/selenium-devtools-v95/4.1.1/selenium-devtools-v95-4.1.1.jar:/home/egorshalaev/.m2/repository/org/seleniumhq/selenium/selenium-devtools-v96/4.1.1/selenium-devtools-v96-4.1.1.jar:/home/egorshalaev/.m2/repository/org/seleniumhq/selenium/selenium-edge-driver/4.1.1/selenium-edge-driver-4.1.1.jar:/home/egorshalaev/.m2/repository/org/seleniumhq/selenium/selenium-firefox-driver/4.1.1/selenium-firefox-driver-4.1.1.jar:/home/egorshalaev/.m2/repository/org/seleniumhq/selenium/selenium-firefox-xpi-driver/4.1.1/selenium-firefox-xpi-driver-4.1.1.jar:/home/egorshalaev/.m2/repository/org/seleniumhq/selenium/selenium-ie-driver/4.1.1/selenium-ie-driver-4.1.1.jar:/home/egorshalaev/.m2/repository/org/seleniumhq/selenium/selenium-opera-driver/4.1.1/selenium-opera-driver-4.1.1.jar:/home/egorshalaev/.m2/repository/org/seleniumhq/selenium/selenium-safari-driver/4.1.1/selenium-safari-driver-4.1.1.jar:/home/egorshalaev/.m2/repository/com/codeborne/selenide-core/6.2.1/selenide-core-6.2.1.jar:/home/egorshalaev/.m2/repository/org/apache/commons/commons-compress/1.21/commons-compress-1.21.jar:/home/egorshalaev/.m2/repository/org/apache/commons/commons-lang3/3.12.0/commons-lang3-3.12.0.jar:/home/egorshalaev/.m2/repository/org/seleniumhq/selenium/selenium-support/4.1.1/selenium-support-4.1.1.jar:/home/egorshalaev/.m2/repository/com/google/auto/service/auto-service-annotations/1.0.1/auto-service-annotations-1.0.1.jar:/home/egorshalaev/.m2/repository/com/google/auto/service/auto-service/1.0.1/auto-service-1.0.1.jar:/home/egorshalaev/.m2/repository/com/google/auto/auto-common/1.2/auto-common-1.2.jar:/home/egorshalaev/.m2/repository/org/seleniumhq/selenium/selenium-api/4.1.1/selenium-api-4.1.1.jar:/home/egorshalaev/.m2/repository/org/seleniumhq/selenium/selenium-json/4.1.1/selenium-json-4.1.1.jar:/home/egorshalaev/.m2/repository/org/seleniumhq/selenium/selenium-remote-driver/4.1.1/selenium-remote-driver-4.1.1.jar:/home/egorshalaev/.m2/repository/com/beust/jcommander/1.81/jcommander-1.81.jar:/home/egorshalaev/.m2/repository/io/netty/netty-buffer/4.1.70.Final/netty-buffer-4.1.70.Final.jar:/home/egorshalaev/.m2/repository/io/netty/netty-codec-http/4.1.70.Final/netty-codec-http-4.1.70.Final.jar:/home/egorshalaev/.m2/repository/io/netty/netty-codec/4.1.70.Final/netty-codec-4.1.70.Final.jar:/home/egorshalaev/.m2/repository/io/netty/netty-handler/4.1.70.Final/netty-handler-4.1.70.Final.jar:/home/egorshalaev/.m2/repository/io/netty/netty-common/4.1.70.Final/netty-common-4.1.70.Final.jar:/home/egorshalaev/.m2/repository/io/netty/netty-transport-classes-epoll/4.1.70.Final/netty-transport-classes-epoll-4.1.70.Final.jar:/home/egorshalaev/.m2/repository/io/netty/netty-transport-classes-kqueue/4.1.70.Final/netty-transport-classes-kqueue-4.1.70.Final.jar:/home/egorshalaev/.m2/repository/io/netty/netty-transport-native-unix-common/4.1.70.Final/netty-transport-native-unix-common-4.1.70.Final.jar:/home/egorshalaev/.m2/repository/io/netty/netty-transport/4.1.70.Final/netty-transport-4.1.70.Final.jar:/home/egorshalaev/.m2/repository/io/netty/netty-resolver/4.1.70.Final/netty-resolver-4.1.70.Final.jar:/home/egorshalaev/.m2/repository/io/opentelemetry/opentelemetry-api/1.9.1/opentelemetry-api-1.9.1.jar:/home/egorshalaev/.m2/repository/io/opentelemetry/opentelemetry-context/1.9.1/opentelemetry-context-1.9.1.jar:/home/egorshalaev/.m2/repository/io/opentelemetry/opentelemetry-exporter-logging/1.9.1/opentelemetry-exporter-logging-1.9.1.jar:/home/egorshalaev/.m2/repository/io/opentelemetry/opentelemetry-sdk-metrics/1.9.1-alpha/opentelemetry-sdk-metrics-1.9.1-alpha.jar:/home/egorshalaev/.m2/repository/io/opentelemetry/opentelemetry-sdk-logs/1.9.1-alpha/opentelemetry-sdk-logs-1.9.1-alpha.jar:/home/egorshalaev/.m2/repository/io/opentelemetry/opentelemetry-sdk-common/1.9.1/opentelemetry-sdk-common-1.9.1.jar:/home/egorshalaev/.m2/repository/io/opentelemetry/opentelemetry-sdk-extension-autoconfigure-spi/1.9.1/opentelemetry-sdk-extension-autoconfigure-spi-1.9.1.jar:/home/egorshalaev/.m2/repository/io/opentelemetry/opentelemetry-sdk-extension-autoconfigure/1.9.1-alpha/opentelemetry-sdk-extension-autoconfigure-1.9.1-alpha.jar:/home/egorshalaev/.m2/repository/io/opentelemetry/opentelemetry-sdk-trace/1.9.1/opentelemetry-sdk-trace-1.9.1.jar:/home/egorshalaev/.m2/repository/io/opentelemetry/opentelemetry-api-metrics/1.9.1-alpha/opentelemetry-api-metrics-1.9.1-alpha.jar:/home/egorshalaev/.m2/repository/io/opentelemetry/opentelemetry-sdk/1.9.1/opentelemetry-sdk-1.9.1.jar:/home/egorshalaev/.m2/repository/io/opentelemetry/opentelemetry-semconv/1.9.1-alpha/opentelemetry-semconv-1.9.1-alpha.jar:/home/egorshalaev/.m2/repository/io/ous/jtoml/2.0.0/jtoml-2.0.0.jar:/home/egorshalaev/.m2/repository/net/bytebuddy/byte-buddy/1.12.2/byte-buddy-1.12.2.jar:/home/egorshalaev/.m2/repository/org/apache/commons/commons-exec/1.3/commons-exec-1.3.jar:/home/egorshalaev/.m2/repository/org/asynchttpclient/async-http-client/2.12.3/async-http-client-2.12.3.jar:/home/egorshalaev/.m2/repository/org/asynchttpclient/async-http-client-netty-utils/2.12.3/async-http-client-netty-utils-2.12.3.jar:/home/egorshalaev/.m2/repository/io/netty/netty-codec-socks/4.1.60.Final/netty-codec-socks-4.1.60.Final.jar:/home/egorshalaev/.m2/repository/io/netty/netty-handler-proxy/4.1.60.Final/netty-handler-proxy-4.1.60.Final.jar:/home/egorshalaev/.m2/repository/io/netty/netty-transport-native-epoll/4.1.60.Final/netty-transport-native-epoll-4.1.60.Final-linux-x86_64.jar:/home/egorshalaev/.m2/repository/io/netty/netty-transport-native-kqueue/4.1.60.Final/netty-transport-native-kqueue-4.1.60.Final-osx-x86_64.jar:/home/egorshalaev/.m2/repository/org/reactivestreams/reactive-streams/1.0.3/reactive-streams-1.0.3.jar:/home/egorshalaev/.m2/repository/com/typesafe/netty/netty-reactive-streams/2.0.4/netty-reactive-streams-2.0.4.jar:/home/egorshalaev/.m2/repository/com/sun/activation/jakarta.activation/1.2.2/jakarta.activation-1.2.2.jar:/home/egorshalaev/.m2/repository/org/seleniumhq/selenium/selenium-http/4.1.1/selenium-http-4.1.1.jar:/home/egorshalaev/.m2/repository/net/jodah/failsafe/2.4.4/failsafe-2.4.4.jar:/home/egorshalaev/.m2/repository/junit/junit/4.13.2/junit-4.13.2.jar:/home/egorshalaev/.m2/repository/org/hamcrest/hamcrest-core/1.3/hamcrest-core-1.3.jar:/home/egorshalaev/.m2/repository/io/rest-assured/rest-assured/4.5.0/rest-assured-4.5.0.jar:/home/egorshalaev/.m2/repository/org/codehaus/groovy/groovy/3.0.9/groovy-3.0.9.jar:/home/egorshalaev/.m2/repository/org/codehaus/groovy/groovy-xml/3.0.9/groovy-xml-3.0.9.jar:/home/egorshalaev/.m2/repository/org/apache/httpcomponents/httpclient/4.5.13/httpclient-4.5.13.jar:/home/egorshalaev/.m2/repository/org/apache/httpcomponents/httpmime/4.5.13/httpmime-4.5.13.jar:/home/egorshalaev/.m2/repository/org/hamcrest/hamcrest/2.1/hamcrest-2.1.jar:/home/egorshalaev/.m2/repository/org/ccil/cowan/tagsoup/tagsoup/1.2.1/tagsoup-1.2.1.jar:/home/egorshalaev/.m2/repository/io/rest-assured/json-path/4.5.0/json-path-4.5.0.jar:/home/egorshalaev/.m2/repository/org/codehaus/groovy/groovy-json/3.0.9/groovy-json-3.0.9.jar:/home/egorshalaev/.m2/repository/io/rest-assured/rest-assured-common/4.5.0/rest-assured-common-4.5.0.jar:/home/egorshalaev/.m2/repository/io/rest-assured/xml-path/4.5.0/xml-path-4.5.0.jar:/home/egorshalaev/.m2/repository/io/qameta/allure/allure-junit4/2.17.2/allure-junit4-2.17.2.jar:/home/egorshalaev/.m2/repository/io/qameta/allure/allure-java-commons/2.17.2/allure-java-commons-2.17.2.jar:/home/egorshalaev/.m2/repository/io/qameta/allure/allure-model/2.17.2/allure-model-2.17.2.jar:/home/egorshalaev/.m2/repository/io/qameta/allure/allure-rest-assured/2.17.2/allure-rest-assured-2.17.2.jar:/home/egorshalaev/.m2/repository/io/qameta/allure/allure-attachments/2.17.2/allure-attachments-2.17.2.jar:/home/egorshalaev/.m2/repository/org/freemarker/freemarker/2.3.31/freemarker-2.3.31.jar:/home/egorshalaev/.m2/repository/com/fasterxml/jackson/core/jackson-databind/2.13.1/jackson-databind-2.13.1.jar:/home/egorshalaev/.m2/repository/com/fasterxml/jackson/core/jackson-annotations/2.13.1/jackson-annotations-2.13.1.jar:/home/egorshalaev/.m2/repository/com/fasterxml/jackson/core/jackson-core/2.13.1/jackson-core-2.13.1.jar:"/>
    <property name="java.vm.vendor" value="Amazon.com Inc."/>
    <property name="sun.arch.data.model" value="64"/>
    <property name="java.vendor.url" value="https://aws.amazon.com/corretto/"/>
    <property name="user.timezone" value="Europe/Madrid"/>
    <property name="java.vm.specification.version" value="11"/>
    <property name="os.name" value="Linux"/>
    <property name="sun.java.launcher" value="SUN_STANDARD"/>
    <property name="user.country" value="US"/>
    <property name="sun.boot.library.path" value="/usr/lib/jvm/java-11-amazon-corretto/lib"/>
    <property name="sun.java.command" value="/home/egorshalaev/idea-projects/Diplom/QA-java-diplom-3/target/surefire/surefirebooter14016810080885280349.jar /home/egorshalaev/idea-projects/Diplom/QA-java-diplom-3/target/surefire 2022-01-30T14-03-43_712-jvmRun1 surefire4046257596027442098tmp surefire_03690215081164482461tmp"/>
    <property name="jdk.debug" value="release"/>
    <property name="surefire.test.class.path" value="/home/egorshalaev/idea-projects/Diplom/QA-java-diplom-3/target/test-classes:/home/egorshalaev/idea-projects/Diplom/QA-java-diplom-3/target/classes:/home/egorshalaev/.m2/repository/org/apache/maven/plugins/maven-project-info-reports-plugin/3.1.2/maven-project-info-reports-plugin-3.1.2.jar:/home/egorshalaev/.m2/repository/org/apache/maven/reporting/maven-reporting-api/3.0/maven-reporting-api-3.0.jar:/home/egorshalaev/.m2/repository/org/apache/maven/reporting/maven-reporting-impl/3.0.0/maven-reporting-impl-3.0.0.jar:/home/egorshalaev/.m2/repository/org/apache/maven/maven-artifact/3.0/maven-artifact-3.0.jar:/home/egorshalaev/.m2/repository/org/apache/maven/maven-core/3.0/maven-core-3.0.jar:/home/egorshalaev/.m2/repository/org/apache/maven/maven-settings-builder/3.0/maven-settings-builder-3.0.jar:/home/egorshalaev/.m2/repository/org/apache/maven/maven-model-builder/3.0/maven-model-builder-3.0.jar:/home/egorshalaev/.m2/repository/org/apache/maven/maven-aether-provider/3.0/maven-aether-provider-3.0.jar:/home/egorshalaev/.m2/repository/org/sonatype/aether/aether-impl/1.7/aether-impl-1.7.jar:/home/egorshalaev/.m2/repository/org/sonatype/aether/aether-spi/1.7/aether-spi-1.7.jar:/home/egorshalaev/.m2/repository/org/sonatype/aether/aether-api/1.7/aether-api-1.7.jar:/home/egorshalaev/.m2/repository/org/sonatype/aether/aether-util/1.7/aether-util-1.7.jar:/home/egorshalaev/.m2/repository/org/sonatype/sisu/sisu-inject-plexus/1.4.2/sisu-inject-plexus-1.4.2.jar:/home/egorshalaev/.m2/repository/org/sonatype/sisu/sisu-inject-bean/1.4.2/sisu-inject-bean-1.4.2.jar:/home/egorshalaev/.m2/repository/org/sonatype/sisu/sisu-guice/2.1.7/sisu-guice-2.1.7-noaop.jar:/home/egorshalaev/.m2/repository/org/codehaus/plexus/plexus-classworlds/2.2.3/plexus-classworlds-2.2.3.jar:/home/egorshalaev/.m2/repository/org/codehaus/plexus/plexus-component-annotations/1.5.5/plexus-component-annotations-1.5.5.jar:/home/egorshalaev/.m2/repository/org/sonatype/plexus/plexus-sec-dispatcher/1.3/plexus-sec-dispatcher-1.3.jar:/home/egorshalaev/.m2/repository/org/sonatype/plexus/plexus-cipher/1.4/plexus-cipher-1.4.jar:/home/egorshalaev/.m2/repository/org/apache/maven/maven-model/3.0/maven-model-3.0.jar:/home/egorshalaev/.m2/repository/org/apache/maven/maven-plugin-api/3.0/maven-plugin-api-3.0.jar:/home/egorshalaev/.m2/repository/org/apache/maven/maven-repository-metadata/3.0/maven-repository-metadata-3.0.jar:/home/egorshalaev/.m2/repository/org/apache/maven/maven-settings/3.0/maven-settings-3.0.jar:/home/egorshalaev/.m2/repository/org/apache/maven/shared/maven-dependency-tree/2.2/maven-dependency-tree-2.2.jar:/home/egorshalaev/.m2/repository/org/eclipse/aether/aether-util/0.9.0.M2/aether-util-0.9.0.M2.jar:/home/egorshalaev/.m2/repository/org/apache/maven/shared/maven-shared-utils/3.3.3/maven-shared-utils-3.3.3.jar:/home/egorshalaev/.m2/repository/org/apache/maven/shared/maven-shared-jar/1.2/maven-shared-jar-1.2.jar:/home/egorshalaev/.m2/repository/org/codehaus/plexus/plexus-digest/1.0/plexus-digest-1.0.jar:/home/egorshalaev/.m2/repository/org/codehaus/plexus/plexus-container-default/1.0-alpha-8/plexus-container-default-1.0-alpha-8.jar:/home/egorshalaev/.m2/repository/classworlds/classworlds/1.1-alpha-2/classworlds-1.1-alpha-2.jar:/home/egorshalaev/.m2/repository/commons-collections/commons-collections/3.1/commons-collections-3.1.jar:/home/egorshalaev/.m2/repository/org/apache/bcel/bcel/6.2/bcel-6.2.jar:/home/egorshalaev/.m2/repository/org/apache/maven/shared/maven-common-artifact-filters/3.1.0/maven-common-artifact-filters-3.1.0.jar:/home/egorshalaev/.m2/repository/org/apache/maven/shared/maven-artifact-transfer/0.12.0/maven-artifact-transfer-0.12.0.jar:/home/egorshalaev/.m2/repository/commons-codec/commons-codec/1.11/commons-codec-1.11.jar:/home/egorshalaev/.m2/repository/org/apache/maven/scm/maven-scm-api/1.10.0/maven-scm-api-1.10.0.jar:/home/egorshalaev/.m2/repository/org/apache/maven/scm/maven-scm-manager-plexus/1.10.0/maven-scm-manager-plexus-1.10.0.jar:/home/egorshalaev/.m2/repository/org/apache/maven/scm/maven-scm-provider-hg/1.10.0/maven-scm-provider-hg-1.10.0.jar:/home/egorshalaev/.m2/repository/org/apache/maven/scm/maven-scm-provider-perforce/1.10.0/maven-scm-provider-perforce-1.10.0.jar:/home/egorshalaev/.m2/repository/org/apache/maven/scm/maven-scm-provider-starteam/1.10.0/maven-scm-provider-starteam-1.10.0.jar:/home/egorshalaev/.m2/repository/org/apache/maven/scm/maven-scm-provider-svn-commons/1.10.0/maven-scm-provider-svn-commons-1.10.0.jar:/home/egorshalaev/.m2/repository/org/apache/maven/scm/maven-scm-provider-svnexe/1.10.0/maven-scm-provider-svnexe-1.10.0.jar:/home/egorshalaev/.m2/repository/commons-lang/commons-lang/2.6/commons-lang-2.6.jar:/home/egorshalaev/.m2/repository/org/apache/maven/scm/maven-scm-provider-cvs-commons/1.10.0/maven-scm-provider-cvs-commons-1.10.0.jar:/home/egorshalaev/.m2/repository/org/apache/maven/scm/maven-scm-provider-cvsexe/1.10.0/maven-scm-provider-cvsexe-1.10.0.jar:/home/egorshalaev/.m2/repository/org/apache/maven/scm/maven-scm-provider-cvsjava/1.10.0/maven-scm-provider-cvsjava-1.10.0.jar:/home/egorshalaev/.m2/repository/org/netbeans/lib/cvsclient/20060125/cvsclient-20060125.jar:/home/egorshalaev/.m2/repository/ch/ethz/ganymed/ganymed-ssh2/build210/ganymed-ssh2-build210.jar:/home/egorshalaev/.m2/repository/org/apache/maven/scm/maven-scm-provider-git-commons/1.10.0/maven-scm-provider-git-commons-1.10.0.jar:/home/egorshalaev/.m2/repository/org/apache/maven/scm/maven-scm-provider-gitexe/1.10.0/maven-scm-provider-gitexe-1.10.0.jar:/home/egorshalaev/.m2/repository/org/apache/maven/doxia/doxia-sink-api/1.9.1/doxia-sink-api-1.9.1.jar:/home/egorshalaev/.m2/repository/org/apache/maven/doxia/doxia-logging-api/1.9.1/doxia-logging-api-1.9.1.jar:/home/egorshalaev/.m2/repository/org/apache/maven/doxia/doxia-core/1.9.1/doxia-core-1.9.1.jar:/home/egorshalaev/.m2/repository/org/apache/httpcomponents/httpcore/4.4.11/httpcore-4.4.11.jar:/home/egorshalaev/.m2/repository/org/apache/maven/doxia/doxia-decoration-model/1.9.2/doxia-decoration-model-1.9.2.jar:/home/egorshalaev/.m2/repository/org/apache/maven/doxia/doxia-site-renderer/1.9.2/doxia-site-renderer-1.9.2.jar:/home/egorshalaev/.m2/repository/org/apache/maven/doxia/doxia-skin-model/1.9.2/doxia-skin-model-1.9.2.jar:/home/egorshalaev/.m2/repository/org/apache/maven/doxia/doxia-module-xhtml/1.9.1/doxia-module-xhtml-1.9.1.jar:/home/egorshalaev/.m2/repository/org/apache/maven/doxia/doxia-module-xhtml5/1.9.1/doxia-module-xhtml5-1.9.1.jar:/home/egorshalaev/.m2/repository/org/codehaus/plexus/plexus-velocity/1.2/plexus-velocity-1.2.jar:/home/egorshalaev/.m2/repository/org/apache/velocity/velocity/1.7/velocity-1.7.jar:/home/egorshalaev/.m2/repository/org/apache/velocity/velocity-tools/2.0/velocity-tools-2.0.jar:/home/egorshalaev/.m2/repository/commons-chain/commons-chain/1.1/commons-chain-1.1.jar:/home/egorshalaev/.m2/repository/dom4j/dom4j/1.1/dom4j-1.1.jar:/home/egorshalaev/.m2/repository/oro/oro/2.0.8/oro-2.0.8.jar:/home/egorshalaev/.m2/repository/org/apache/maven/doxia/doxia-integration-tools/1.9.2/doxia-integration-tools-1.9.2.jar:/home/egorshalaev/.m2/repository/org/codehaus/plexus/plexus-i18n/1.0-beta-10/plexus-i18n-1.0-beta-10.jar:/home/egorshalaev/.m2/repository/org/codehaus/plexus/plexus-utils/3.3.0/plexus-utils-3.3.0.jar:/home/egorshalaev/.m2/repository/org/codehaus/plexus/plexus-interpolation/1.26/plexus-interpolation-1.26.jar:/home/egorshalaev/.m2/repository/commons-validator/commons-validator/1.7/commons-validator-1.7.jar:/home/egorshalaev/.m2/repository/commons-beanutils/commons-beanutils/1.9.4/commons-beanutils-1.9.4.jar:/home/egorshalaev/.m2/repository/commons-digester/commons-digester/2.1/commons-digester-2.1.jar:/home/egorshalaev/.m2/repository/commons-logging/commons-logging/1.2/commons-logging-1.2.jar:/home/egorshalaev/.m2/repository/commons-io/commons-io/2.6/commons-io-2.6.jar:/home/egorshalaev/.m2/repository/org/junit/jupiter/junit-jupiter-api/5.8.2/junit-jupiter-api-5.8.2.jar:/home/egorshalaev/.m2/repository/org/opentest4j/opentest4j/1.2.0/opentest4j-1.2.0.jar:/home/egorshalaev/.m2/repository/org/junit/platform/junit-platform-commons/1.8.2/junit-platform-commons-1.8.2.jar:/home/egorshalaev/.m2/repository/org/apiguardian/apiguardian-api/1.1.2/apiguardian-api-1.1.2.jar:/home/egorshalaev/.m2/repository/io/github/bonigarcia/webdrivermanager/5.0.2/webdrivermanager-5.0.2.jar:/home/egorshalaev/.m2/repository/org/slf4j/slf4j-api/1.7.32/slf4j-api-1.7.32.jar:/home/egorshalaev/.m2/repository/com/google/code/gson/gson/2.8.8/gson-2.8.8.jar:/home/egorshalaev/.m2/repository/org/jsoup/jsoup/1.14.2/jsoup-1.14.2.jar:/home/egorshalaev/.m2/repository/com/github/docker-java/docker-java/3.2.11/docker-java-3.2.11.jar:/home/egorshalaev/.m2/repository/com/github/docker-java/docker-java-core/3.2.11/docker-java-core-3.2.11.jar:/home/egorshalaev/.m2/repository/com/github/docker-java/docker-java-api/3.2.11/docker-java-api-3.2.11.jar:/home/egorshalaev/.m2/repository/org/bouncycastle/bcpkix-jdk15on/1.64/bcpkix-jdk15on-1.64.jar:/home/egorshalaev/.m2/repository/org/bouncycastle/bcprov-jdk15on/1.64/bcprov-jdk15on-1.64.jar:/home/egorshalaev/.m2/repository/org/slf4j/jcl-over-slf4j/1.7.30/jcl-over-slf4j-1.7.30.jar:/home/egorshalaev/.m2/repository/com/github/docker-java/docker-java-transport-httpclient5/3.2.11/docker-java-transport-httpclient5-3.2.11.jar:/home/egorshalaev/.m2/repository/com/github/docker-java/docker-java-transport/3.2.11/docker-java-transport-3.2.11.jar:/home/egorshalaev/.m2/repository/org/apache/httpcomponents/client5/httpclient5/5.0.3/httpclient5-5.0.3.jar:/home/egorshalaev/.m2/repository/org/apache/httpcomponents/core5/httpcore5/5.0.2/httpcore5-5.0.2.jar:/home/egorshalaev/.m2/repository/net/java/dev/jna/jna/5.8.0/jna-5.8.0.jar:/home/egorshalaev/.m2/repository/com/google/guava/guava/30.1.1-jre/guava-30.1.1-jre.jar:/home/egorshalaev/.m2/repository/com/google/guava/failureaccess/1.0.1/failureaccess-1.0.1.jar:/home/egorshalaev/.m2/repository/com/google/guava/listenablefuture/9999.0-empty-to-avoid-conflict-with-guava/listenablefuture-9999.0-empty-to-avoid-conflict-with-guava.jar:/home/egorshalaev/.m2/repository/com/google/code/findbugs/jsr305/3.0.2/jsr305-3.0.2.jar:/home/egorshalaev/.m2/repository/org/checkerframework/checker-qual/3.8.0/checker-qual-3.8.0.jar:/home/egorshalaev/.m2/repository/com/google/errorprone/error_prone_annotations/2.5.1/error_prone_annotations-2.5.1.jar:/home/egorshalaev/.m2/repository/com/google/j2objc/j2objc-annotations/1.3/j2objc-annotations-1.3.jar:/home/egorshalaev/.m2/repository/org/brotli/dec/0.1.2/dec-0.1.2.jar:/home/egorshalaev/.m2/repository/com/codeborne/selenide/6.2.1/selenide-6.2.1.jar:/home/egorshalaev/.m2/repository/org/seleniumhq/selenium/selenium-java/4.1.1/selenium-java-4.1.1.jar:/home/egorshalaev/.m2/repository/org/seleniumhq/selenium/selenium-chrome-driver/4.1.1/selenium-chrome-driver-4.1.1.jar:/home/egorshalaev/.m2/repository/org/seleniumhq/selenium/selenium-chromium-driver/4.1.1/selenium-chromium-driver-4.1.1.jar:/home/egorshalaev/.m2/repository/org/seleniumhq/selenium/selenium-devtools-v85/4.1.1/selenium-devtools-v85-4.1.1.jar:/home/egorshalaev/.m2/repository/org/seleniumhq/selenium/selenium-devtools-v94/4.1.1/selenium-devtools-v94-4.1.1.jar:/home/egorshalaev/.m2/repository/org/seleniumhq/selenium/selenium-devtools-v95/4.1.1/selenium-devtools-v95-4.1.1.jar:/home/egorshalaev/.m2/repository/org/seleniumhq/selenium/selenium-devtools-v96/4.1.1/selenium-devtools-v96-4.1.1.jar:/home/egorshalaev/.m2/repository/org/seleniumhq/selenium/selenium-edge-driver/4.1.1/selenium-edge-driver-4.1.1.jar:/home/egorshalaev/.m2/repository/org/seleniumhq/selenium/selenium-firefox-driver/4.1.1/selenium-firefox-driver-4.1.1.jar:/home/egorshalaev/.m2/repository/org/seleniumhq/selenium/selenium-firefox-xpi-driver/4.1.1/selenium-firefox-xpi-driver-4.1.1.jar:/home/egorshalaev/.m2/repository/org/seleniumhq/selenium/selenium-ie-driver/4.1.1/selenium-ie-driver-4.1.1.jar:/home/egorshalaev/.m2/repository/org/seleniumhq/selenium/selenium-opera-driver/4.1.1/selenium-opera-driver-4.1.1.jar:/home/egorshalaev/.m2/repository/org/seleniumhq/selenium/selenium-safari-driver/4.1.1/selenium-safari-driver-4.1.1.jar:/home/egorshalaev/.m2/repository/com/codeborne/selenide-core/6.2.1/selenide-core-6.2.1.jar:/home/egorshalaev/.m2/repository/org/apache/commons/commons-compress/1.21/commons-compress-1.21.jar:/home/egorshalaev/.m2/repository/org/apache/commons/commons-lang3/3.12.0/commons-lang3-3.12.0.jar:/home/egorshalaev/.m2/repository/org/seleniumhq/selenium/selenium-support/4.1.1/selenium-support-4.1.1.jar:/home/egorshalaev/.m2/repository/com/google/auto/service/auto-service-annotations/1.0.1/auto-service-annotations-1.0.1.jar:/home/egorshalaev/.m2/repository/com/google/auto/service/auto-service/1.0.1/auto-service-1.0.1.jar:/home/egorshalaev/.m2/repository/com/google/auto/auto-common/1.2/auto-common-1.2.jar:/home/egorshalaev/.m2/repository/org/seleniumhq/selenium/selenium-api/4.1.1/selenium-api-4.1.1.jar:/home/egorshalaev/.m2/repository/org/seleniumhq/selenium/selenium-json/4.1.1/selenium-json-4.1.1.jar:/home/egorshalaev/.m2/repository/org/seleniumhq/selenium/selenium-remote-driver/4.1.1/selenium-remote-driver-4.1.1.jar:/home/egorshalaev/.m2/repository/com/beust/jcommander/1.81/jcommander-1.81.jar:/home/egorshalaev/.m2/repository/io/netty/netty-buffer/4.1.70.Final/netty-buffer-4.1.70.Final.jar:/home/egorshalaev/.m2/repository/io/netty/netty-codec-http/4.1.70.Final/netty-codec-http-4.1.70.Final.jar:/home/egorshalaev/.m2/repository/io/netty/netty-codec/4.1.70.Final/netty-codec-4.1.70.Final.jar:/home/egorshalaev/.m2/repository/io/netty/netty-handler/4.1.70.Final/netty-handler-4.1.70.Final.jar:/home/egorshalaev/.m2/repository/io/netty/netty-common/4.1.70.Final/netty-common-4.1.70.Final.jar:/home/egorshalaev/.m2/repository/io/netty/netty-transport-classes-epoll/4.1.70.Final/netty-transport-classes-epoll-4.1.70.Final.jar:/home/egorshalaev/.m2/repository/io/netty/netty-transport-classes-kqueue/4.1.70.Final/netty-transport-classes-kqueue-4.1.70.Final.jar:/home/egorshalaev/.m2/repository/io/netty/netty-transport-native-unix-common/4.1.70.Final/netty-transport-native-unix-common-4.1.70.Final.jar:/home/egorshalaev/.m2/repository/io/netty/netty-transport/4.1.70.Final/netty-transport-4.1.70.Final.jar:/home/egorshalaev/.m2/repository/io/netty/netty-resolver/4.1.70.Final/netty-resolver-4.1.70.Final.jar:/home/egorshalaev/.m2/repository/io/opentelemetry/opentelemetry-api/1.9.1/opentelemetry-api-1.9.1.jar:/home/egorshalaev/.m2/repository/io/opentelemetry/opentelemetry-context/1.9.1/opentelemetry-context-1.9.1.jar:/home/egorshalaev/.m2/repository/io/opentelemetry/opentelemetry-exporter-logging/1.9.1/opentelemetry-exporter-logging-1.9.1.jar:/home/egorshalaev/.m2/repository/io/opentelemetry/opentelemetry-sdk-metrics/1.9.1-alpha/opentelemetry-sdk-metrics-1.9.1-alpha.jar:/home/egorshalaev/.m2/repository/io/opentelemetry/opentelemetry-sdk-logs/1.9.1-alpha/opentelemetry-sdk-logs-1.9.1-alpha.jar:/home/egorshalaev/.m2/repository/io/opentelemetry/opentelemetry-sdk-common/1.9.1/opentelemetry-sdk-common-1.9.1.jar:/home/egorshalaev/.m2/repository/io/opentelemetry/opentelemetry-sdk-extension-autoconfigure-spi/1.9.1/opentelemetry-sdk-extension-autoconfigure-spi-1.9.1.jar:/home/egorshalaev/.m2/repository/io/opentelemetry/opentelemetry-sdk-extension-autoconfigure/1.9.1-alpha/opentelemetry-sdk-extension-autoconfigure-1.9.1-alpha.jar:/home/egorshalaev/.m2/repository/io/opentelemetry/opentelemetry-sdk-trace/1.9.1/opentelemetry-sdk-trace-1.9.1.jar:/home/egorshalaev/.m2/repository/io/opentelemetry/opentelemetry-api-metrics/1.9.1-alpha/opentelemetry-api-metrics-1.9.1-alpha.jar:/home/egorshalaev/.m2/repository/io/opentelemetry/opentelemetry-sdk/1.9.1/opentelemetry-sdk-1.9.1.jar:/home/egorshalaev/.m2/repository/io/opentelemetry/opentelemetry-semconv/1.9.1-alpha/opentelemetry-semconv-1.9.1-alpha.jar:/home/egorshalaev/.m2/repository/io/ous/jtoml/2.0.0/jtoml-2.0.0.jar:/home/egorshalaev/.m2/repository/net/bytebuddy/byte-buddy/1.12.2/byte-buddy-1.12.2.jar:/home/egorshalaev/.m2/repository/org/apache/commons/commons-exec/1.3/commons-exec-1.3.jar:/home/egorshalaev/.m2/repository/org/asynchttpclient/async-http-client/2.12.3/async-http-client-2.12.3.jar:/home/egorshalaev/.m2/repository/org/asynchttpclient/async-http-client-netty-utils/2.12.3/async-http-client-netty-utils-2.12.3.jar:/home/egorshalaev/.m2/repository/io/netty/netty-codec-socks/4.1.60.Final/netty-codec-socks-4.1.60.Final.jar:/home/egorshalaev/.m2/repository/io/netty/netty-handler-proxy/4.1.60.Final/netty-handler-proxy-4.1.60.Final.jar:/home/egorshalaev/.m2/repository/io/netty/netty-transport-native-epoll/4.1.60.Final/netty-transport-native-epoll-4.1.60.Final-linux-x86_64.jar:/home/egorshalaev/.m2/repository/io/netty/netty-transport-native-kqueue/4.1.60.Final/netty-transport-native-kqueue-4.1.60.Final-osx-x86_64.jar:/home/egorshalaev/.m2/repository/org/reactivestreams/reactive-streams/1.0.3/reactive-streams-1.0.3.jar:/home/egorshalaev/.m2/repository/com/typesafe/netty/netty-reactive-streams/2.0.4/netty-reactive-streams-2.0.4.jar:/home/egorshalaev/.m2/repository/com/sun/activation/jakarta.activation/1.2.2/jakarta.activation-1.2.2.jar:/home/egorshalaev/.m2/repository/org/seleniumhq/selenium/selenium-http/4.1.1/selenium-http-4.1.1.jar:/home/egorshalaev/.m2/repository/net/jodah/failsafe/2.4.4/failsafe-2.4.4.jar:/home/egorshalaev/.m2/repository/junit/junit/4.13.2/junit-4.13.2.jar:/home/egorshalaev/.m2/repository/org/hamcrest/hamcrest-core/1.3/hamcrest-core-1.3.jar:/home/egorshalaev/.m2/repository/io/rest-assured/rest-assured/4.5.0/rest-assured-4.5.0.jar:/home/egorshalaev/.m2/repository/org/codehaus/groovy/groovy/3.0.9/groovy-3.0.9.jar:/home/egorshalaev/.m2/repository/org/codehaus/groovy/groovy-xml/3.0.9/groovy-xml-3.0.9.jar:/home/egorshalaev/.m2/repository/org/apache/httpcomponents/httpclient/4.5.13/httpclient-4.5.13.jar:/home/egorshalaev/.m2/repository/org/apache/httpcomponents/httpmime/4.5.13/httpmime-4.5.13.jar:/home/egorshalaev/.m2/repository/org/hamcrest/hamcrest/2.1/hamcrest-2.1.jar:/home/egorshalaev/.m2/repository/org/ccil/cowan/tagsoup/tagsoup/1.2.1/tagsoup-1.2.1.jar:/home/egorshalaev/.m2/repository/io/rest-assured/json-path/4.5.0/json-path-4.5.0.jar:/home/egorshalaev/.m2/repository/org/codehaus/groovy/groovy-json/3.0.9/groovy-json-3.0.9.jar:/home/egorshalaev/.m2/repository/io/rest-assured/rest-assured-common/4.5.0/rest-assured-common-4.5.0.jar:/home/egorshalaev/.m2/repository/io/rest-assured/xml-path/4.5.0/xml-path-4.5.0.jar:/home/egorshalaev/.m2/repository/io/qameta/allure/allure-junit4/2.17.2/allure-junit4-2.17.2.jar:/home/egorshalaev/.m2/repository/io/qameta/allure/allure-java-commons/2.17.2/allure-java-commons-2.17.2.jar:/home/egorshalaev/.m2/repository/io/qameta/allure/allure-model/2.17.2/allure-model-2.17.2.jar:/home/egorshalaev/.m2/repository/io/qameta/allure/allure-rest-assured/2.17.2/allure-rest-assured-2.17.2.jar:/home/egorshalaev/.m2/repository/io/qameta/allure/allure-attachments/2.17.2/allure-attachments-2.17.2.jar:/home/egorshalaev/.m2/repository/org/freemarker/freemarker/2.3.31/freemarker-2.3.31.jar:/home/egorshalaev/.m2/repository/com/fasterxml/jackson/core/jackson-databind/2.13.1/jackson-databind-2.13.1.jar:/home/egorshalaev/.m2/repository/com/fasterxml/jackson/core/jackson-annotations/2.13.1/jackson-annotations-2.13.1.jar:/home/egorshalaev/.m2/repository/com/fasterxml/jackson/core/jackson-core/2.13.1/jackson-core-2.13.1.jar:"/>
    <property name="sun.cpu.endian" value="little"/>
    <property name="allure.results.directory" value="/home/egorshalaev/idea-projects/Diplom/QA-java-diplom-3/target/allure-results"/>
    <property name="user.home" value="/home/egorshalaev"/>
    <property name="user.language" value="en"/>
    <property name="java.specification.vendor" value="Oracle Corporation"/>
    <property name="java.version.date" value="2021-10-19"/>
    <property name="java.home" value="/usr/lib/jvm/java-11-amazon-corretto"/>
    <property name="file.separator" value="/"/>
    <property name="basedir" value="/home/egorshalaev/idea-projects/Diplom/QA-java-diplom-3"/>
    <property name="java.vm.compressedOopsMode" value="32-bit"/>
    <property name="line.separator" value="&#10;"/>
    <property name="java.specification.name" value="Java Platform API Specification"/>
    <property name="java.vm.specification.vendor" value="Oracle Corporation"/>
    <property name="java.awt.graphicsenv" value="sun.awt.X11GraphicsEnvironment"/>
    <property name="surefire.real.class.path" value="/home/egorshalaev/idea-projects/Diplom/QA-java-diplom-3/target/surefire/surefirebooter14016810080885280349.jar"/>
    <property name="sun.management.compiler" value="HotSpot 64-Bit Tiered Compilers"/>
    <property name="java.runtime.version" value="11.0.13+8-LTS"/>
    <property name="user.name" value="egorshalaev"/>
    <property name="path.separator" value=":"/>
    <property name="os.version" value="5.11.0-49-generic"/>
    <property name="java.runtime.name" value="OpenJDK Runtime Environment"/>
    <property name="file.encoding" value="UTF-8"/>
    <property name="sun.nio.ch.bugLevel" value=""/>
    <property name="java.vm.name" value="OpenJDK 64-Bit Server VM"/>
    <property name="java.vendor.version" value="Corretto-11.0.13.8.1"/>
    <property name="localRepository" value="/home/egorshalaev/.m2/repository"/>
    <property name="java.vendor.url.bug" value="https://github.com/corretto/corretto-11/issues/"/>
    <property name="java.io.tmpdir" value="/tmp"/>
    <property name="idea.version" value="2021.3.2"/>
    <property name="java.version" value="11.0.13"/>
    <property name="user.dir" value="/home/egorshalaev/idea-projects/Diplom/QA-java-diplom-3"/>
    <property name="os.arch" value="amd64"/>
    <property name="java.vm.specification.name" value="Java Virtual Machine Specification"/>
    <property name="java.awt.printerjob" value="sun.print.PSPrinterJob"/>
    <property name="sun.os.patch.level" value="unknown"/>
    <property name="java.library.path" value="/usr/java/packages/lib:/usr/lib64:/lib64:/lib:/usr/lib"/>
    <property name="java.vm.info" value="mixed mode"/>
    <property name="java.vendor" value="Amazon.com Inc."/>
    <property name="java.vm.version" value="11.0.13+8-LTS"/>
    <property name="sun.io.unicode.encoding" value="UnicodeLittle"/>
    <property name="java.class.version" value="55.0"/>
    <property name="webdriver.Chrome(binary_yandex_driver_file, options=options)" value="src/test/resources/yandexdriver.exe"/>
  </properties>
  <testcase name="SwitchToMainViaLogoButtonTest" classname="com.AccountTest" time="1.512"/>
  <testcase name="SwitchToMainViaConstructorButtonTest" classname="com.AccountTest" time="1.422"/>
  <testcase name="SwitchToAccountTest" classname="com.AccountTest" time="1.361"/>
</testsuite>